<?xml version="1.0" encoding="UTF-8"?>
<testsuite name="E:/project/workspace/atuotest_demo/src/test/java/test/LoginCase.java"
           tests="20"
           failures="0"
           errors="0"
           skipped="0"
           time="10.902">
  <properties />
  
  
            <testcase name="loginFail" time="0.375" classname="test.LoginCase" />
                <testcase name="loginFail" time="0.358" classname="test.LoginCase" />
                <testcase name="loginFail" time="0.374" classname="test.LoginCase" />
                <testcase name="loginFail" time="0.390" classname="test.LoginCase" />
                <testcase name="loginFail" time="0.390" classname="test.LoginCase" />
                <testcase name="loginFail" time="0.359" classname="test.LoginCase" />
                <testcase name="loginSuccess" time="3.741" classname="test.LoginCase" />
                <testcase name="loginFail" time="0.390" classname="test.LoginCase" />
                <testcase name="loginFail" time="0.374" classname="test.LoginCase" />
                <testcase name="loginFail" time="0.374" classname="test.LoginCase" />
                <testcase name="loginFail" time="0.359" classname="test.LoginCase" />
                <testcase name="loginFail" time="0.390" classname="test.LoginCase" />
                <testcase name="loginFail" time="0.359" classname="test.LoginCase" />
                <testcase name="loginFail" time="0.390" classname="test.LoginCase" />
                <testcase name="loginFail" time="0.390" classname="test.LoginCase" />
                <testcase name="loginFail" time="0.406" classname="test.LoginCase" />
                <testcase name="loginFail" time="0.328" classname="test.LoginCase" />
                <testcase name="loginFail" time="0.375" classname="test.LoginCase" />
                <testcase name="loginFail" time="0.421" classname="test.LoginCase" />
                <testcase name="loginFail" time="0.359" classname="test.LoginCase" />
      
</testsuite>
